make.exe all --print-data-base --no-builtin-variables --no-builtin-rules --question
make: *** No rule to make target 'all'.  Stop.
 
# GNU Make 4.3
# Built for Windows32
# Copyright (C) 1988-2020 Free Software Foundation, Inc.
# License GPLv3+: GNU GPL version 3 or later <http://gnu.org/licenses/gpl.html>
# This is free software: you are free to change and redistribute it.
# There is NO WARRANTY, to the extent permitted by law.

# Make data base, printed on Thu Feb 10 02:15:04 2022

# Variables

# environment
SYSTEMDRIVE = C:
# environment
JAVA_HOME = C:\Program Files\Java\jdk-11.0.11
# environment
LC_ALL = C
# environment
USERPROFILE = C:\Users\prince.juguilon
# environment
LOCALAPPDATA = C:\Users\prince.juguilon\AppData\Local
# environment
VSCODE_IPC_HOOK_EXTHOST = \\.\pipe\vscode-ipc-643fe3e8-be05-43a1-9994-d7319080b242-sock
# environment
WSLENV = WT_SESSION::WT_PROFILE_ID
# environment
VSCODE_CWD = C:\Users\prince.juguilon\Documents\Work\codes\github\cal
# environment
CHOCOLATEYINSTALL = C:\ProgramData\chocolatey
# environment
SYSTEMROOT = C:\WINDOWS
# environment
PROCESSOR_LEVEL = 6
# environment
PSMODULEPATH = C:\Users\prince.juguilon\Documents\PowerShell\Modules;C:\Program Files\PowerShell\Modules;c:\program files\powershell\7\Modules;C:\Users\prince.juguilon\Documents\WindowsPowerShell\Modules;C:\Users\prince.juguilon\AppData\Local\Google\Cloud SDK\google-cloud-sdk\platform\PowerShell;C:\Program Files\WindowsPowerShell\Modules;C:\WINDOWS\system32\WindowsPowerShell\v1.0\Modules
# default
MAKE_COMMAND := C:/ProgramData/chocolatey/lib/make/tools/install/bin/make.exe
# environment
USERDNSDOMAIN = MICROSOURCING.PH
# environment
GOPATH = C:\Users\prince.juguilon\go
# automatic
@D = $(patsubst %/,%,$(patsubst %\,%,$(dir $@)))
# environment
CHROME_CRASHPAD_PIPE_NAME = \\.\pipe\crashpad_24132_GMUBPXTRPTEJXACZ
# environment
VS160COMCOMNTOOLS = C:\Program Files (x86)\Microsoft Visual Studio\2019\Community\Common7\Tools\
# environment
VSCODE_HANDLES_UNCAUGHT_ERRORS = true
# default
.VARIABLES := 
# automatic
%D = $(patsubst %/,%,$(patsubst %\,%,$(dir $%)))
# automatic
^D = $(patsubst %/,%,$(patsubst %\,%,$(dir $^)))
# environment
VSCODE_LOG_STACK = false
# automatic
%F = $(notdir $%)
# environment
CONDA_PROMPT_MODIFIER = False
# environment
VSCODE_CODE_CACHE_PATH = C:\Users\prince.juguilon\AppData\Roaming\Code\CachedData\d6ee99e4c045a6716e5c653d7da8e9ae6f5a8b03
# environment
LANG = C
# environment
AZ_ENABLED = False
# default
.LOADED := 
# environment
TMP = C:\Users\PRINCE~1.JUG\AppData\Local\Temp
# default
.INCLUDE_DIRS = .
# environment
PROCESSOR_ARCHITEW6432 = AMD64
# makefile
MAKEFLAGS = pqrR
# environment
ONEDRIVE = C:\Users\prince.juguilon\OneDrive
# environment
POWERSHELL_DISTRIBUTION_CHANNEL = MSI:Windows 10 Pro
# makefile
CURDIR := c:/Users/prince.juguilon/Documents/Work/codes/github/cal
# environment
VSCODE_PIPE_LOGGING = true
# environment
APPLICATION_INSIGHTS_NO_DIAGNOSTIC_CHANNEL = true
# environment
POWERLINE_COMMAND = oh-my-posh
# automatic
*D = $(patsubst %/,%,$(patsubst %\,%,$(dir $*)))
# environment
PROGRAMFILES = C:\Program Files (x86)
# environment
WALLABY_PRODUCTION = true
# environment
MFLAGS = -pqrR
# default
.SHELLFLAGS := -c
# environment
COMMONPROGRAMW6432 = C:\Program Files\Common Files
# automatic
+D = $(patsubst %/,%,$(patsubst %\,%,$(dir $+)))
# makefile
MAKEFILE_LIST := 
# environment
CONDA_SHLVL = 1
# automatic
@F = $(notdir $@)
# environment
VSCODE_VERBOSE_LOGGING = true
# environment
VSCODE_PID = 24132
# automatic
?D = $(patsubst %/,%,$(patsubst %\,%,$(dir $?)))
# environment
CONDA_PYTHON_EXE = C:\ProgramData\Anaconda3\python.exe
# environment
WT_PROFILE_ID = {574e775e-4f2a-5b96-ac1e-a2962a402336}
# automatic
*F = $(notdir $*)
# automatic
<D = $(patsubst %/,%,$(patsubst %\,%,$(dir $<)))
# environment
VSCODE_NLS_CONFIG = {"locale":"en-us","availableLanguages":{},"_languagePackSupport":true}
# environment
POSH_GIT_ENABLED = False
# environment
ANDROID_SDK_ROOT = C:\Users\prince.juguilon\AppData\Local\Android\Sdk
# default
MAKE_HOST := Windows32
# environment
ANDROID_HOME = C:\Users\prince.juguilon\AppData\Local\Android\Sdk
# environment
PROGRAMDATA = C:\ProgramData
# environment
CONDA_PREFIX = C:\ProgramData\Anaconda3
# default
SHELL := sh.exe
# environment
HOMEPATH = \Users\prince.juguilon
# default
MAKECMDGOALS := all
# environment
DRIVERDATA = C:\Windows\System32\Drivers\DriverData
# environment
COMSPEC = C:\WINDOWS\system32\cmd.exe
# environment
WINDIR = C:\WINDOWS
# environment
MAKELEVEL := 0
# default
MAKE = $(MAKE_COMMAND)
# environment
PATH = C:\ProgramData\Anaconda3;C:\ProgramData\Anaconda3\Library\mingw-w64\bin;C:\ProgramData\Anaconda3\Library\usr\bin;C:\ProgramData\Anaconda3\Library\bin;C:\ProgramData\Anaconda3\Scripts;C:\ProgramData\Anaconda3\bin;C:\ProgramData\Anaconda3\condabin;C:\Program Files\PowerShell\7;C:\ProgramData\Oracle\Java\javapath;C:\Python27\Scripts;C:\Python27;C:\ProgramData\Anaconda3;C:\ProgramData\Anaconda3\Library\mingw-w64\bin;C:\ProgramData\Anaconda3\Library\usr\bin;C:\ProgramData\Anaconda3\Library\bin;C:\ProgramData\Anaconda3\Scripts;C:\Program Files\Common Files\Oracle\Java\javapath;C:\WINDOWS\system32;C:\WINDOWS;C:\WINDOWS\System32\Wbem;C:\WINDOWS\System32\WindowsPowerShell\v1.0;C:\WINDOWS\System32\OpenSSH;C:\Program Files\Java\jdk-11.0.11\bin;C:\ProgramData\chocolatey\bin;C:\Program Files\Microsoft VS Code\bin;C:\Program Files\dotnet;C:\Program Files\Microsoft SQL Server\130\Tools\Binn;C:\Program Files\Microsoft SQL Server\Client SDK\ODBC\170\Tools\Binn;C:\Program Files\Git\cmd;C:\Program Files\NVIDIA Corporation\NVIDIA NvDLISR;C:\Program Files\MongoDB\Server\5.0\bin;C:\Program Files\PostgreSQL\13\bin;C:\Program Files\Ffmpeg\bin;C:\Program Files\Amazon\AWSCLIV2;C:\Program Files (x86)\Microsoft SQL Server\150\DTS\Binn;C:\Program Files (x86)\dotnet;C:\Program Files\PuTTY;C:\Program Files\IIS Express;C:\Program Files\LLVM\bin;C:\Program Files\PowerShell\7-preview;C:\Users\prince.juguilon\AppData\Local\Android\Sdk\platform-tools;C:\Users\prince.juguilon\AppData\Local\Android\Sdk\emulator;C:\msys64\mingw64\bin;C:\Program Files\speedtest;C:\Users\prince.juguilon\AppData\Roaming\nvm;C:\Program Files\nodejs;C:\Users\prince.juguilon\Documents\Applications\flutter\bin;C:\WINDOWS\system32;C:\WINDOWS;C:\WINDOWS\System32\Wbem;C:\WINDOWS\System32\WindowsPowerShell\v1.0;C:\WINDOWS\System32\OpenSSH;C:\Program Files\Go\bin;C:\Program Files (x86)\NVIDIA Corporation\PhysX\Common;C:\Program Files\Docker\Docker\resources\bin;C:\ProgramData\DockerDesktop\version-bin;C:\Program Files\react-native-debugger;C:\Program Files\PowerShell\7;C:\Users\prince.juguilon\.cargo\bin;C:\Program Files\cal;C:\Program Files\MySQL\MySQL Shell 8.0\bin;C:\Users\prince.juguilon\AppData\Local\Android\Sdk\tools;C:\Users\prince.juguilon\scoop\apps\oh-my-posh\current\bin;C:\Users\prince.juguilon\scoop\shims;C:\Users\prince.juguilon\AppData\Local\Microsoft\WindowsApps;C:\Users\prince.juguilon\.dotnet\tools;C:\Users\prince.juguilon\.dotnet\tools;C:\Program Files\Azure Data Studio\bin;C:\Users\prince.juguilon\AppData\Local\Microsoft\WindowsApps;C:\Users\prince.juguilon\go\bin;C:\Users\prince.juguilon\AppData\Local\Google\Cloud SDK\google-cloud-sdk\bin;C:\Program Files (x86)\GitHub CLI;C:\Tweaks\tree-sitter;C:\Program Files\JetBrains\DataGrip 2021.3.1\bin;C:\Program Files\OpenSSL-Win64\bin;C:\Program Files\heroku\bin
# environment
ZES_ENABLE_SYSMAN = 1
# environment
COMPUTERNAME = ECOM9FETICAL001
# default
MAKEFILES := 
# automatic
^F = $(notdir $^)
# environment
PROMPT = $P$G
# environment
OPENSSL_CONF = C:\Program Files\OpenSSL-Win64\bin\openssl.cfg
# environment
CHOCOLATEYLASTPATHUPDATE = 132847069409875874
# environment
WT_SESSION = 2c6125db-b71a-48a0-bd65-6de0c8064f93
# environment
LOGONSERVER = \\CLOUD-AD
# environment
VSCODE_LOG_NATIVE = false
# environment
USERNAME = prince.juguilon
# environment
COMMONPROGRAMFILES = C:\Program Files (x86)\Common Files
# automatic
?F = $(notdir $?)
# environment
PROGRAMW6432 = C:\Program Files
# environment
PATHEXT = .COM;.EXE;.BAT;.CMD;.VBS;.VBE;.JS;.JSE;.WSF;.WSH;.MSC;.PY;.PYW;.CPL
# automatic
+F = $(notdir $+)
# environment
ORIGINAL_XDG_CURRENT_DESKTOP = undefined
# environment
USERDOMAIN = MICROSOURCINGPH
# 'override' directive
GNUMAKEFLAGS := 
# environment
CONDA_DEFAULT_ENV = base
# environment
OS = Windows_NT
# makefile
.DEFAULT_GOAL := 
# environment
NVM_HOME = C:\Users\prince.juguilon\AppData\Roaming\nvm
# default
MAKE_VERSION := 4.3
# environment
PROGRAMFILES(X86) = C:\Program Files (x86)
# environment
_CONDA_ROOT = C:\ProgramData\Anaconda3
# environment
ANDROID_EMULATOR_HOME = C:\Users\prince.juguilon\.android
# environment
USERDOMAIN_ROAMINGPROFILE = MICROSOURCINGPH
# environment
NUMBER_OF_PROCESSORS = 12
# environment
PUBLIC = C:\Users\Public
# environment
APPDATA = C:\Users\prince.juguilon\AppData\Roaming
# environment
_CONDA_EXE = C:\ProgramData\Anaconda3\Scripts\conda.exe
# environment
HOMEDRIVE = C:
# environment
NVM_SYMLINK = C:\Program Files\nodejs
# environment
PROCESSOR_ARCHITECTURE = x86
# environment
DATAGRIP = C:\Program Files\JetBrains\DataGrip 2021.3.1\bin;
# environment
VSCODE_AMD_ENTRYPOINT = vs/workbench/services/extensions/node/extensionHostProcess
# environment
COMMONPROGRAMFILES(X86) = C:\Program Files (x86)\Common Files
# environment
ANDROID_AVD_HOME = C:\Users\prince.juguilon\.android\avd
# environment
ELECTRON_RUN_AS_NODE = 1
# environment
TEMP = C:\Users\PRINCE~1.JUG\AppData\Local\Temp
# environment
VSCODE_IPC_HOOK = \\.\pipe\8311a1d1679a06f8848776cb167978bb-1.64.1-main-sock
# default
.RECIPEPREFIX := 
# automatic
<F = $(notdir $<)
# environment
VS150COMCOMNTOOLS = C:\Program Files (x86)\Microsoft Visual Studio\2017\Community\Common7\Tools\
# default
SUFFIXES := 
# environment
ALLUSERSPROFILE = C:\ProgramData
# environment
VSCODE_CLI = 1
# environment
ELECTRON_NO_ATTACH_CONSOLE = 1
# default
.FEATURES := target-specific order-only second-expansion else-if shortest-stem undefine oneshell nocomment grouped-target extra-prereqs archives jobserver output-sync load
# environment
PROCESSOR_REVISION = a502
# environment
CONDA_EXE = C:\ProgramData\Anaconda3\Scripts\conda.exe
# environment
PROCESSOR_IDENTIFIER = Intel64 Family 6 Model 165 Stepping 2, GenuineIntel
# variable set hash-table stats:
# Load=125/1024=12%, Rehash=0, Collisions=13/149=9%

# Pattern-specific Variable Values

# No pattern-specific variable values.

# Directories

# . (key c:/Users/prince.juguilon/Documents/Work/codes/github/cal, mtime 1644429868): 9 files, no impossibilities.

# 9 files, no impossibilities in 1 directories.

# Implicit Rules

# No implicit rules.

# Files

# Not a target:
Makefile:
#  Implicit rule search has been done.
#  File does not exist.
#  File has been updated.
#  Failed to be updated.

# Not a target:
.DEFAULT:
#  Implicit rule search has not been done.
#  Modification time never checked.
#  File has not been updated.

# Not a target:
all:
#  Command line target.
#  Implicit rule search has been done.
#  File does not exist.
#  File has not been updated.

# Not a target:
makefile:
#  Implicit rule search has been done.
#  File does not exist.
#  File has been updated.
#  Failed to be updated.

# Not a target:
makefile.mak:
#  Implicit rule search has been done.
#  File does not exist.
#  File has been updated.
#  Failed to be updated.

# Not a target:
GNUmakefile:
#  Implicit rule search has been done.
#  File does not exist.
#  File has been updated.
#  Failed to be updated.

# files hash-table stats:
# Load=7/1024=1%, Rehash=0, Collisions=0/16=0%
# VPATH Search Paths

# No 'vpath' search paths.

# No general ('VPATH' variable) search path.

# strcache buffers: 1 (0) / strings = 16 / storage = 129 B / avg = 8 B
# current buf: size = 8174 B / used = 129 B / count = 16 / avg = 8 B

# strcache performance: lookups = 19 / hit rate = 15%
# hash-table stats:
# Load=16/8192=0%, Rehash=0, Collisions=0/19=0%
# Finished Make data base on Thu Feb 10 02:15:04 2022

 
